10 Jun 2022 - 17:29:47.309 - com.company.AvtoborUzApplication -  INFO  - Starting AvtoborUzApplication using Java 17.0.2 on ashirov with PID 14512 (C:\it\MyProjects\avtobor_uz\target\classes started by gayra in C:\it\MyProjects\avtobor_uz)
10 Jun 2022 - 17:29:47.310 - com.company.AvtoborUzApplication -  DEBUG - Running with Spring Boot v2.7.0, Spring v5.3.20
10 Jun 2022 - 17:29:47.310 - com.company.AvtoborUzApplication -  INFO  - The following 1 profile is active: "dev"
10 Jun 2022 - 17:29:48.226 - o.s.d.r.c.RepositoryConfigurationDelegate -  INFO  - Bootstrapping Spring Data JPA repositories in DEFAULT mode.
10 Jun 2022 - 17:29:48.305 - o.s.d.r.c.RepositoryConfigurationDelegate -  INFO  - Finished Spring Data repository scanning in 64 ms. Found 9 JPA repository interfaces.
10 Jun 2022 - 17:29:48.744 - o.s.b.w.e.tomcat.TomcatWebServer -  INFO  - Tomcat initialized with port(s): 8080 (http)
10 Jun 2022 - 17:29:48.744 - o.a.catalina.core.StandardService -  INFO  - Starting service [Tomcat]
10 Jun 2022 - 17:29:48.744 - o.a.catalina.core.StandardEngine -  INFO  - Starting Servlet engine: [Apache Tomcat/9.0.63]
10 Jun 2022 - 17:29:48.822 - o.a.c.c.C.[Tomcat].[localhost].[/] -  INFO  - Initializing Spring embedded WebApplicationContext
10 Jun 2022 - 17:29:48.822 - o.s.b.w.s.c.ServletWebServerApplicationContext -  INFO  - Root WebApplicationContext: initialization completed in 1464 ms
10 Jun 2022 - 17:29:48.932 - o.h.jpa.internal.util.LogHelper -  INFO  - HHH000204: Processing PersistenceUnitInfo [name: default]
10 Jun 2022 - 17:29:48.963 - org.hibernate.Version -  INFO  - HHH000412: Hibernate ORM core version 5.6.9.Final
10 Jun 2022 - 17:29:49.073 - o.h.annotations.common.Version -  INFO  - HCANN000001: Hibernate Commons Annotations {5.1.2.Final}
10 Jun 2022 - 17:29:49.151 - com.zaxxer.hikari.HikariDataSource -  INFO  - HikariPool-1 - Starting...
10 Jun 2022 - 17:29:49.465 - com.zaxxer.hikari.HikariDataSource -  INFO  - HikariPool-1 - Start completed.
10 Jun 2022 - 17:29:49.481 - org.hibernate.dialect.Dialect -  INFO  - HHH000400: Using dialect: org.hibernate.dialect.PostgreSQL10Dialect
10 Jun 2022 - 17:29:50.234 - o.h.e.t.j.p.i.JtaPlatformInitiator -  INFO  - HHH000490: Using JtaPlatform implementation: [org.hibernate.engine.transaction.jta.platform.internal.NoJtaPlatform]
10 Jun 2022 - 17:29:50.234 - o.s.o.j.LocalContainerEntityManagerFactoryBean -  INFO  - Initialized JPA EntityManagerFactory for persistence unit 'default'
10 Jun 2022 - 17:29:50.594 - com.company.config.filter.JwtFilter -  DEBUG - Filter 'jwtFilter' configured for use
10 Jun 2022 - 17:29:50.626 - o.s.b.a.o.j.JpaBaseConfiguration$JpaWebConfiguration -  WARN  - spring.jpa.open-in-view is enabled by default. Therefore, database queries may be performed during view rendering. Explicitly configure spring.jpa.open-in-view to disable this warning
10 Jun 2022 - 17:29:51.253 - o.s.s.web.DefaultSecurityFilterChain -  INFO  - Will secure any request with [org.springframework.security.web.session.DisableEncodeUrlFilter@62eb918, org.springframework.security.web.context.request.async.WebAsyncManagerIntegrationFilter@21a462ce, org.springframework.security.web.context.SecurityContextPersistenceFilter@3abb6aa, org.springframework.security.web.header.HeaderWriterFilter@7cf166db, org.springframework.web.filter.CorsFilter@37e28b20, org.springframework.security.web.authentication.logout.LogoutFilter@78839c2e, com.company.config.filter.JwtFilter@2059c3ff, org.springframework.security.web.savedrequest.RequestCacheAwareFilter@3f7bf0f6, org.springframework.security.web.servletapi.SecurityContextHolderAwareRequestFilter@3e7fc07e, org.springframework.security.web.authentication.AnonymousAuthenticationFilter@31428f76, org.springframework.security.web.session.SessionManagementFilter@56fc2cea, org.springframework.security.web.access.ExceptionTranslationFilter@2d26c6a2, org.springframework.security.web.access.intercept.FilterSecurityInterceptor@34766f4b]
10 Jun 2022 - 17:29:51.472 - o.s.b.w.e.tomcat.TomcatWebServer -  INFO  - Tomcat started on port(s): 8080 (http) with context path ''
10 Jun 2022 - 17:29:51.724 - com.company.AvtoborUzApplication -  INFO  - Started AvtoborUzApplication in 4.833 seconds (JVM running for 5.701)
10 Jun 2022 - 17:30:39.910 - o.s.o.j.LocalContainerEntityManagerFactoryBean -  INFO  - Closing JPA EntityManagerFactory for persistence unit 'default'
10 Jun 2022 - 17:30:39.910 - com.zaxxer.hikari.HikariDataSource -  INFO  - HikariPool-1 - Shutdown initiated...
10 Jun 2022 - 17:30:39.910 - com.zaxxer.hikari.HikariDataSource -  INFO  - HikariPool-1 - Shutdown completed.
